SimplePoseCNN
Epoch 1/20
Train Loss: 0.005
Val Loss: 0.002                                                                                                                                                                                                    

Epoch 2/20
Train Loss: 0.002
Val Loss: 0.002                                                                                                                                                                                                    

Epoch 3/20
Train Loss: 0.002
Val Loss: 0.002                                                                                                                                                                                                    

Epoch 4/20
Train Loss: 0.002
Val Loss: 0.002                                                                                                                                                                                                    

Epoch 5/20
Train Loss: 0.002
Val Loss: 0.002                                                                                                                                                                                                    

Epoch 6/20
Train Loss: 0.002
Val Loss: 0.002                                                                                                                                                                                                    
Model saved

Epoch 7/20
Train Loss: 0.002
Val Loss: 0.002                                                                                                                                                                                                    

Epoch 8/20
Train Loss: 0.002
Val Loss: 0.002                                                                                                                                                                                                    

Epoch 9/20
Train Loss: 0.002
Val Loss: 0.002                                                                                                                                                                                                    

Epoch 10/20
Train Loss: 0.002
Val Loss: 0.002                                                                                                                                                                                                    

Epoch 11/20
Train Loss: 0.001
Val Loss: 0.002                                                                                                                                                                                                    

Epoch 12/20
Train Loss: 0.001
Val Loss: 0.001                                                                                                                                                                                                    

Epoch 13/20
Train Loss: 0.001
Val Loss: 0.001                                                                                                                                                                                                    

Epoch 14/20
Train Loss: 0.001
Val Loss: 0.001                                                                                                                                                                                                    

Epoch 15/20
Train Loss: 0.001
Val Loss: 0.001                                                                                                                                                                                                    

Epoch 16/20
Train Loss: 0.001
Val Loss: 0.001                                                                                                                                                                                                    

Epoch 17/20
Train Loss: 0.001 
Val Loss: 0.001                                                                                                                                                                                                    

Epoch 18/20
Train Loss: 0.001 
Val Loss: 0.001                                                                                                                                                                                                    

Epoch 19/20
Train Loss: 0.001
Val Loss: 0.001                                                                                                                                                                                                   

Epoch 20/20
Train Loss: 0.001
Val Loss: 0.001                                                                                                                                                                                                    
